<?xml version="1.0" encoding="UTF-8"?>
<testsuite xmlns:xsi="http://www.w3.org/2001/XMLSchema-instance" xsi:noNamespaceSchemaLocation="https://maven.apache.org/surefire/maven-surefire-plugin/xsd/surefire-test-report.xsd" version="3.0.2" name="br.com.lucasfaria.sboot_face_comparator.SbootFaceComparatorApplicationTests" time="1.04" tests="1" errors="0" skipped="0" failures="0">
  <properties>
[...]
</properties>
  <testcase name="contextLoads" classname="br.com.lucasfaria.sboot_face_comparator.SbootFaceComparatorApplicationTests" time="0.464">
    <system-out><![CDATA[16:33:38.574 [main] INFO org.springframework.test.context.support.AnnotationConfigContextLoaderUtils -- Could not detect default configuration classes for test class [br.com.lucasfaria.sboot_face_comparator.SbootFaceComparatorApplicationTests]: SbootFaceComparatorApplicationTests does not declare any static, non-private, non-final, nested classes annotated with @Configuration.
16:33:38.626 [main] INFO org.springframework.boot.test.context.SpringBootTestContextBootstrapper -- Found @SpringBootConfiguration br.com.lucasfaria.sboot_face_comparator.SbootFaceComparatorApplication for test class br.com.lucasfaria.sboot_face_comparator.SbootFaceComparatorApplicationTests

  .   ____          _            __ _ _
 /\\ / ___'_ __ _ _(_)_ __  __ _ \ \ \ \
( ( )\___ | '_ | '_| | '_ \/ _` | \ \ \ \
 \\/  ___)| |_)| | | | | || (_| |  ) ) ) )
  '  |____| .__|_| |_|_| |_\__, | / / / /
 =========|_|==============|___/=/_/_/_/

 :: Spring Boot ::                (v3.4.0)

2024-12-08T16:33:38.805-03:00  INFO 55817 --- [sboot-face-comparator] [           main] .l.s.SbootFaceComparatorApplicationTests : Starting SbootFaceComparatorApplicationTests using Java 23.0.1 with PID 55817 (started by lucas in /Users/lucas/Documents/projetos/sboot-face-comparator)
2024-12-08T16:33:38.805-03:00  INFO 55817 --- [sboot-face-comparator] [           main] .l.s.SbootFaceComparatorApplicationTests : No active profile set, falling back to 1 default profile: "default"
2024-12-08T16:33:39.057-03:00  INFO 55817 --- [sboot-face-comparator] [           main] .l.s.SbootFaceComparatorApplicationTests : Started SbootFaceComparatorApplicationTests in 0.378 seconds (process running for 0.841)
]]></system-out>
    <system-err><![CDATA[Mockito is currently self-attaching to enable the inline-mock-maker. This will no longer work in future releases of the JDK. Please add Mockito as an agent to your build what is described in Mockito's documentation: https://javadoc.io/doc/org.mockito/mockito-core/latest/org/mockito/Mockito.html#0.3
WARNING: A Java agent has been loaded dynamically (/Users/lucas/.m2/repository/net/bytebuddy/byte-buddy-agent/1.15.10/byte-buddy-agent-1.15.10.jar)
WARNING: If a serviceability tool is in use, please run with -XX:+EnableDynamicAgentLoading to hide this warning
WARNING: If a serviceability tool is not in use, please run with -Djdk.instrument.traceUsage for more information
WARNING: Dynamic loading of agents will be disallowed by default in a future release
]]></system-err>
  </testcase>
</testsuite>